 
****************************************
Report : cell
Design : MyDesign
Version: P-2019.03-SP1
Date   : Wed Nov 17 20:51:25 2021
****************************************

Attributes:
    b - black box (unknown)
    h - hierarchical
    n - noncombinational
    r - removable
    u - contains unmapped logic

Cell                      Reference       Library             Area  Attributes
--------------------------------------------------------------------------------
U261                      INV_X2          NangateOpenCellLibrary_PDKv1_2_v2008_10_slow_nldm
                                                            0.5320  
U262                      INV_X2          NangateOpenCellLibrary_PDKv1_2_v2008_10_slow_nldm
                                                            0.5320  
U263                      INV_X2          NangateOpenCellLibrary_PDKv1_2_v2008_10_slow_nldm
                                                            0.5320  
U264                      INV_X2          NangateOpenCellLibrary_PDKv1_2_v2008_10_slow_nldm
                                                            0.5320  
U265                      INV_X2          NangateOpenCellLibrary_PDKv1_2_v2008_10_slow_nldm
                                                            0.5320  
U266                      INV_X2          NangateOpenCellLibrary_PDKv1_2_v2008_10_slow_nldm
                                                            0.5320  
U267                      INV_X2          NangateOpenCellLibrary_PDKv1_2_v2008_10_slow_nldm
                                                            0.5320  
U268                      INV_X2          NangateOpenCellLibrary_PDKv1_2_v2008_10_slow_nldm
                                                            0.5320  
U269                      INV_X2          NangateOpenCellLibrary_PDKv1_2_v2008_10_slow_nldm
                                                            0.5320  
U270                      INV_X2          NangateOpenCellLibrary_PDKv1_2_v2008_10_slow_nldm
                                                            0.5320  
U271                      INV_X2          NangateOpenCellLibrary_PDKv1_2_v2008_10_slow_nldm
                                                            0.5320  
U272                      INV_X2          NangateOpenCellLibrary_PDKv1_2_v2008_10_slow_nldm
                                                            0.5320  
U273                      INV_X2          NangateOpenCellLibrary_PDKv1_2_v2008_10_slow_nldm
                                                            0.5320  
U274                      INV_X2          NangateOpenCellLibrary_PDKv1_2_v2008_10_slow_nldm
                                                            0.5320  
U275                      INV_X2          NangateOpenCellLibrary_PDKv1_2_v2008_10_slow_nldm
                                                            0.5320  
U276                      INV_X2          NangateOpenCellLibrary_PDKv1_2_v2008_10_slow_nldm
                                                            0.5320  
U277                      INV_X2          NangateOpenCellLibrary_PDKv1_2_v2008_10_slow_nldm
                                                            0.5320  
U278                      INV_X2          NangateOpenCellLibrary_PDKv1_2_v2008_10_slow_nldm
                                                            0.5320  
U279                      INV_X2          NangateOpenCellLibrary_PDKv1_2_v2008_10_slow_nldm
                                                            0.5320  
U280                      INV_X2          NangateOpenCellLibrary_PDKv1_2_v2008_10_slow_nldm
                                                            0.5320  
U281                      INV_X2          NangateOpenCellLibrary_PDKv1_2_v2008_10_slow_nldm
                                                            0.5320  
U282                      INV_X2          NangateOpenCellLibrary_PDKv1_2_v2008_10_slow_nldm
                                                            0.5320  
U283                      INV_X2          NangateOpenCellLibrary_PDKv1_2_v2008_10_slow_nldm
                                                            0.5320  
U284                      INV_X2          NangateOpenCellLibrary_PDKv1_2_v2008_10_slow_nldm
                                                            0.5320  
U285                      INV_X2          NangateOpenCellLibrary_PDKv1_2_v2008_10_slow_nldm
                                                            0.5320  
U310                      OR2_X1          NangateOpenCellLibrary_PDKv1_2_v2008_10_slow_nldm
                                                            1.0640  
U311                      OR2_X1          NangateOpenCellLibrary_PDKv1_2_v2008_10_slow_nldm
                                                            1.0640  
U312                      OR2_X1          NangateOpenCellLibrary_PDKv1_2_v2008_10_slow_nldm
                                                            1.0640  
U313                      OR2_X1          NangateOpenCellLibrary_PDKv1_2_v2008_10_slow_nldm
                                                            1.0640  
U314                      OR2_X1          NangateOpenCellLibrary_PDKv1_2_v2008_10_slow_nldm
                                                            1.0640  
U315                      OR2_X1          NangateOpenCellLibrary_PDKv1_2_v2008_10_slow_nldm
                                                            1.0640  
U316                      OR2_X1          NangateOpenCellLibrary_PDKv1_2_v2008_10_slow_nldm
                                                            1.0640  
U317                      INV_X1          NangateOpenCellLibrary_PDKv1_2_v2008_10_slow_nldm
                                                            0.5320  
U318                      OR4_X1          NangateOpenCellLibrary_PDKv1_2_v2008_10_slow_nldm
                                                            1.5960  
U319                      AND3_X1         NangateOpenCellLibrary_PDKv1_2_v2008_10_slow_nldm
                                                            1.3300  
U320                      OR4_X1          NangateOpenCellLibrary_PDKv1_2_v2008_10_slow_nldm
                                                            1.5960  
U321                      OR3_X1          NangateOpenCellLibrary_PDKv1_2_v2008_10_slow_nldm
                                                            1.3300  
U322                      AND2_X1         NangateOpenCellLibrary_PDKv1_2_v2008_10_slow_nldm
                                                            1.0640  
U323                      OR4_X1          NangateOpenCellLibrary_PDKv1_2_v2008_10_slow_nldm
                                                            1.5960  
U324                      OR3_X1          NangateOpenCellLibrary_PDKv1_2_v2008_10_slow_nldm
                                                            1.3300  
U325                      AND2_X1         NangateOpenCellLibrary_PDKv1_2_v2008_10_slow_nldm
                                                            1.0640  
U326                      OR4_X1          NangateOpenCellLibrary_PDKv1_2_v2008_10_slow_nldm
                                                            1.5960  
U327                      OR3_X1          NangateOpenCellLibrary_PDKv1_2_v2008_10_slow_nldm
                                                            1.3300  
U328                      AND2_X1         NangateOpenCellLibrary_PDKv1_2_v2008_10_slow_nldm
                                                            1.0640  
U329                      NOR2_X2         NangateOpenCellLibrary_PDKv1_2_v2008_10_slow_nldm
                                                            0.7980  
U330                      INV_X4          NangateOpenCellLibrary_PDKv1_2_v2008_10_slow_nldm
                                                            0.5320  
U331                      AOI21_X1        NangateOpenCellLibrary_PDKv1_2_v2008_10_slow_nldm
                                                            1.0640  
U332                      NAND3_X1        NangateOpenCellLibrary_PDKv1_2_v2008_10_slow_nldm
                                                            1.0640  
U333                      AOI22_X1        NangateOpenCellLibrary_PDKv1_2_v2008_10_slow_nldm
                                                            1.3300  
U334                      INV_X1          NangateOpenCellLibrary_PDKv1_2_v2008_10_slow_nldm
                                                            0.5320  
U335                      NOR2_X1         NangateOpenCellLibrary_PDKv1_2_v2008_10_slow_nldm
                                                            0.7980  
U336                      OAI21_X1        NangateOpenCellLibrary_PDKv1_2_v2008_10_slow_nldm
                                                            1.0640  
U337                      NAND2_X1        NangateOpenCellLibrary_PDKv1_2_v2008_10_slow_nldm
                                                            0.7980  
U338                      NAND2_X1        NangateOpenCellLibrary_PDKv1_2_v2008_10_slow_nldm
                                                            0.7980  
U339                      XNOR2_X1        NangateOpenCellLibrary_PDKv1_2_v2008_10_slow_nldm
                                                            1.5960  
U340                      XNOR2_X1        NangateOpenCellLibrary_PDKv1_2_v2008_10_slow_nldm
                                                            1.5960  
U341                      NAND2_X1        NangateOpenCellLibrary_PDKv1_2_v2008_10_slow_nldm
                                                            0.7980  
U342                      XNOR2_X1        NangateOpenCellLibrary_PDKv1_2_v2008_10_slow_nldm
                                                            1.5960  
U343                      XNOR2_X1        NangateOpenCellLibrary_PDKv1_2_v2008_10_slow_nldm
                                                            1.5960  
U344                      XOR2_X1         NangateOpenCellLibrary_PDKv1_2_v2008_10_slow_nldm
                                                            1.5960  
U345                      XNOR2_X1        NangateOpenCellLibrary_PDKv1_2_v2008_10_slow_nldm
                                                            1.5960  
U346                      XOR2_X1         NangateOpenCellLibrary_PDKv1_2_v2008_10_slow_nldm
                                                            1.5960  
U347                      XNOR2_X1        NangateOpenCellLibrary_PDKv1_2_v2008_10_slow_nldm
                                                            1.5960  
U348                      NAND2_X1        NangateOpenCellLibrary_PDKv1_2_v2008_10_slow_nldm
                                                            0.7980  
U349                      NOR2_X1         NangateOpenCellLibrary_PDKv1_2_v2008_10_slow_nldm
                                                            0.7980  
U350                      NAND2_X1        NangateOpenCellLibrary_PDKv1_2_v2008_10_slow_nldm
                                                            0.7980  
U351                      NOR2_X1         NangateOpenCellLibrary_PDKv1_2_v2008_10_slow_nldm
                                                            0.7980  
U352                      INV_X1          NangateOpenCellLibrary_PDKv1_2_v2008_10_slow_nldm
                                                            0.5320  
U353                      NAND2_X1        NangateOpenCellLibrary_PDKv1_2_v2008_10_slow_nldm
                                                            0.7980  
U354                      OAI22_X1        NangateOpenCellLibrary_PDKv1_2_v2008_10_slow_nldm
                                                            1.3300  
U355                      XOR2_X1         NangateOpenCellLibrary_PDKv1_2_v2008_10_slow_nldm
                                                            1.5960  
U356                      XNOR2_X1        NangateOpenCellLibrary_PDKv1_2_v2008_10_slow_nldm
                                                            1.5960  
U357                      NOR2_X1         NangateOpenCellLibrary_PDKv1_2_v2008_10_slow_nldm
                                                            0.7980  
U358                      XOR2_X1         NangateOpenCellLibrary_PDKv1_2_v2008_10_slow_nldm
                                                            1.5960  
U359                      INV_X1          NangateOpenCellLibrary_PDKv1_2_v2008_10_slow_nldm
                                                            0.5320  
U360                      XNOR2_X1        NangateOpenCellLibrary_PDKv1_2_v2008_10_slow_nldm
                                                            1.5960  
U361                      NAND2_X1        NangateOpenCellLibrary_PDKv1_2_v2008_10_slow_nldm
                                                            0.7980  
U362                      NAND2_X1        NangateOpenCellLibrary_PDKv1_2_v2008_10_slow_nldm
                                                            0.7980  
U363                      XOR2_X1         NangateOpenCellLibrary_PDKv1_2_v2008_10_slow_nldm
                                                            1.5960  
U364                      XOR2_X1         NangateOpenCellLibrary_PDKv1_2_v2008_10_slow_nldm
                                                            1.5960  
U365                      XNOR2_X1        NangateOpenCellLibrary_PDKv1_2_v2008_10_slow_nldm
                                                            1.5960  
U366                      MUX2_X1         NangateOpenCellLibrary_PDKv1_2_v2008_10_slow_nldm
                                                            1.8620  
U367                      XOR2_X1         NangateOpenCellLibrary_PDKv1_2_v2008_10_slow_nldm
                                                            1.5960  
U368                      AOI22_X1        NangateOpenCellLibrary_PDKv1_2_v2008_10_slow_nldm
                                                            1.3300  
U369                      XOR2_X1         NangateOpenCellLibrary_PDKv1_2_v2008_10_slow_nldm
                                                            1.5960  
U370                      XNOR2_X1        NangateOpenCellLibrary_PDKv1_2_v2008_10_slow_nldm
                                                            1.5960  
U371                      NAND2_X1        NangateOpenCellLibrary_PDKv1_2_v2008_10_slow_nldm
                                                            0.7980  
U372                      XNOR2_X1        NangateOpenCellLibrary_PDKv1_2_v2008_10_slow_nldm
                                                            1.5960  
U373                      NAND4_X1        NangateOpenCellLibrary_PDKv1_2_v2008_10_slow_nldm
                                                            1.3300  
U374                      NAND2_X1        NangateOpenCellLibrary_PDKv1_2_v2008_10_slow_nldm
                                                            0.7980  
U375                      XOR2_X1         NangateOpenCellLibrary_PDKv1_2_v2008_10_slow_nldm
                                                            1.5960  
U376                      OAI21_X1        NangateOpenCellLibrary_PDKv1_2_v2008_10_slow_nldm
                                                            1.0640  
U377                      OAI22_X1        NangateOpenCellLibrary_PDKv1_2_v2008_10_slow_nldm
                                                            1.3300  
U378                      INV_X1          NangateOpenCellLibrary_PDKv1_2_v2008_10_slow_nldm
                                                            0.5320  
U379                      AOI21_X1        NangateOpenCellLibrary_PDKv1_2_v2008_10_slow_nldm
                                                            1.0640  
U380                      NAND2_X1        NangateOpenCellLibrary_PDKv1_2_v2008_10_slow_nldm
                                                            0.7980  
U381                      OAI22_X1        NangateOpenCellLibrary_PDKv1_2_v2008_10_slow_nldm
                                                            1.3300  
U382                      NAND2_X1        NangateOpenCellLibrary_PDKv1_2_v2008_10_slow_nldm
                                                            0.7980  
U383                      OAI21_X1        NangateOpenCellLibrary_PDKv1_2_v2008_10_slow_nldm
                                                            1.0640  
U384                      NAND2_X1        NangateOpenCellLibrary_PDKv1_2_v2008_10_slow_nldm
                                                            0.7980  
U385                      OAI21_X1        NangateOpenCellLibrary_PDKv1_2_v2008_10_slow_nldm
                                                            1.0640  
U386                      NAND2_X1        NangateOpenCellLibrary_PDKv1_2_v2008_10_slow_nldm
                                                            0.7980  
U387                      OAI21_X1        NangateOpenCellLibrary_PDKv1_2_v2008_10_slow_nldm
                                                            1.0640  
U388                      NAND2_X1        NangateOpenCellLibrary_PDKv1_2_v2008_10_slow_nldm
                                                            0.7980  
U389                      OAI21_X1        NangateOpenCellLibrary_PDKv1_2_v2008_10_slow_nldm
                                                            1.0640  
U390                      NAND2_X1        NangateOpenCellLibrary_PDKv1_2_v2008_10_slow_nldm
                                                            0.7980  
U391                      OAI21_X1        NangateOpenCellLibrary_PDKv1_2_v2008_10_slow_nldm
                                                            1.0640  
U392                      AOI22_X1        NangateOpenCellLibrary_PDKv1_2_v2008_10_slow_nldm
                                                            1.3300  
U393                      NAND2_X1        NangateOpenCellLibrary_PDKv1_2_v2008_10_slow_nldm
                                                            0.7980  
U394                      OAI21_X1        NangateOpenCellLibrary_PDKv1_2_v2008_10_slow_nldm
                                                            1.0640  
U395                      NAND2_X1        NangateOpenCellLibrary_PDKv1_2_v2008_10_slow_nldm
                                                            0.7980  
U396                      OAI21_X1        NangateOpenCellLibrary_PDKv1_2_v2008_10_slow_nldm
                                                            1.0640  
U397                      NAND2_X1        NangateOpenCellLibrary_PDKv1_2_v2008_10_slow_nldm
                                                            0.7980  
U398                      OAI21_X1        NangateOpenCellLibrary_PDKv1_2_v2008_10_slow_nldm
                                                            1.0640  
U399                      NAND2_X1        NangateOpenCellLibrary_PDKv1_2_v2008_10_slow_nldm
                                                            0.7980  
U400                      OAI21_X1        NangateOpenCellLibrary_PDKv1_2_v2008_10_slow_nldm
                                                            1.0640  
U401                      NAND2_X1        NangateOpenCellLibrary_PDKv1_2_v2008_10_slow_nldm
                                                            0.7980  
U402                      OAI21_X1        NangateOpenCellLibrary_PDKv1_2_v2008_10_slow_nldm
                                                            1.0640  
U403                      OAI21_X1        NangateOpenCellLibrary_PDKv1_2_v2008_10_slow_nldm
                                                            1.0640  
U404                      OAI21_X1        NangateOpenCellLibrary_PDKv1_2_v2008_10_slow_nldm
                                                            1.0640  
U405                      OAI21_X1        NangateOpenCellLibrary_PDKv1_2_v2008_10_slow_nldm
                                                            1.0640  
U406                      OAI21_X1        NangateOpenCellLibrary_PDKv1_2_v2008_10_slow_nldm
                                                            1.0640  
U407                      OAI21_X1        NangateOpenCellLibrary_PDKv1_2_v2008_10_slow_nldm
                                                            1.0640  
U408                      AOI22_X1        NangateOpenCellLibrary_PDKv1_2_v2008_10_slow_nldm
                                                            1.3300  
U409                      XOR2_X1         NangateOpenCellLibrary_PDKv1_2_v2008_10_slow_nldm
                                                            1.5960  
U410                      XNOR2_X1        NangateOpenCellLibrary_PDKv1_2_v2008_10_slow_nldm
                                                            1.5960  
U411                      XOR2_X1         NangateOpenCellLibrary_PDKv1_2_v2008_10_slow_nldm
                                                            1.5960  
U412                      XNOR2_X1        NangateOpenCellLibrary_PDKv1_2_v2008_10_slow_nldm
                                                            1.5960  
U413                      XOR2_X1         NangateOpenCellLibrary_PDKv1_2_v2008_10_slow_nldm
                                                            1.5960  
U414                      XOR2_X1         NangateOpenCellLibrary_PDKv1_2_v2008_10_slow_nldm
                                                            1.5960  
U415                      XOR2_X1         NangateOpenCellLibrary_PDKv1_2_v2008_10_slow_nldm
                                                            1.5960  
U416                      INV_X1          NangateOpenCellLibrary_PDKv1_2_v2008_10_slow_nldm
                                                            0.5320  
U417                      XOR2_X1         NangateOpenCellLibrary_PDKv1_2_v2008_10_slow_nldm
                                                            1.5960  
U418                      XNOR2_X1        NangateOpenCellLibrary_PDKv1_2_v2008_10_slow_nldm
                                                            1.5960  
U419                      XOR2_X1         NangateOpenCellLibrary_PDKv1_2_v2008_10_slow_nldm
                                                            1.5960  
U420                      XOR2_X1         NangateOpenCellLibrary_PDKv1_2_v2008_10_slow_nldm
                                                            1.5960  
U421                      XOR2_X1         NangateOpenCellLibrary_PDKv1_2_v2008_10_slow_nldm
                                                            1.5960  
U422                      XOR2_X1         NangateOpenCellLibrary_PDKv1_2_v2008_10_slow_nldm
                                                            1.5960  
U423                      XNOR2_X1        NangateOpenCellLibrary_PDKv1_2_v2008_10_slow_nldm
                                                            1.5960  
U424                      NOR2_X1         NangateOpenCellLibrary_PDKv1_2_v2008_10_slow_nldm
                                                            0.7980  
U425                      NAND2_X1        NangateOpenCellLibrary_PDKv1_2_v2008_10_slow_nldm
                                                            0.7980  
U426                      INV_X1          NangateOpenCellLibrary_PDKv1_2_v2008_10_slow_nldm
                                                            0.5320  
U427                      NOR2_X1         NangateOpenCellLibrary_PDKv1_2_v2008_10_slow_nldm
                                                            0.7980  
U428                      NOR2_X1         NangateOpenCellLibrary_PDKv1_2_v2008_10_slow_nldm
                                                            0.7980  
U429                      NOR2_X1         NangateOpenCellLibrary_PDKv1_2_v2008_10_slow_nldm
                                                            0.7980  
U430                      XOR2_X1         NangateOpenCellLibrary_PDKv1_2_v2008_10_slow_nldm
                                                            1.5960  
U431                      NOR2_X1         NangateOpenCellLibrary_PDKv1_2_v2008_10_slow_nldm
                                                            0.7980  
U432                      XOR2_X1         NangateOpenCellLibrary_PDKv1_2_v2008_10_slow_nldm
                                                            1.5960  
U433                      XNOR2_X1        NangateOpenCellLibrary_PDKv1_2_v2008_10_slow_nldm
                                                            1.5960  
U434                      XNOR2_X1        NangateOpenCellLibrary_PDKv1_2_v2008_10_slow_nldm
                                                            1.5960  
U435                      NAND4_X1        NangateOpenCellLibrary_PDKv1_2_v2008_10_slow_nldm
                                                            1.3300  
U436                      NAND2_X1        NangateOpenCellLibrary_PDKv1_2_v2008_10_slow_nldm
                                                            0.7980  
U437                      NAND2_X1        NangateOpenCellLibrary_PDKv1_2_v2008_10_slow_nldm
                                                            0.7980  
U438                      NOR2_X1         NangateOpenCellLibrary_PDKv1_2_v2008_10_slow_nldm
                                                            0.7980  
U439                      AOI22_X1        NangateOpenCellLibrary_PDKv1_2_v2008_10_slow_nldm
                                                            1.3300  
U440                      XNOR2_X1        NangateOpenCellLibrary_PDKv1_2_v2008_10_slow_nldm
                                                            1.5960  
U441                      MUX2_X1         NangateOpenCellLibrary_PDKv1_2_v2008_10_slow_nldm
                                                            1.8620  
U442                      XNOR2_X1        NangateOpenCellLibrary_PDKv1_2_v2008_10_slow_nldm
                                                            1.5960  
U443                      OAI22_X1        NangateOpenCellLibrary_PDKv1_2_v2008_10_slow_nldm
                                                            1.3300  
U444                      AOI22_X1        NangateOpenCellLibrary_PDKv1_2_v2008_10_slow_nldm
                                                            1.3300  
U445                      XOR2_X1         NangateOpenCellLibrary_PDKv1_2_v2008_10_slow_nldm
                                                            1.5960  
U446                      XOR2_X1         NangateOpenCellLibrary_PDKv1_2_v2008_10_slow_nldm
                                                            1.5960  
U447                      XOR2_X1         NangateOpenCellLibrary_PDKv1_2_v2008_10_slow_nldm
                                                            1.5960  
U448                      XNOR2_X1        NangateOpenCellLibrary_PDKv1_2_v2008_10_slow_nldm
                                                            1.5960  
U449                      XOR2_X1         NangateOpenCellLibrary_PDKv1_2_v2008_10_slow_nldm
                                                            1.5960  
U450                      XOR2_X1         NangateOpenCellLibrary_PDKv1_2_v2008_10_slow_nldm
                                                            1.5960  
U451                      XOR2_X1         NangateOpenCellLibrary_PDKv1_2_v2008_10_slow_nldm
                                                            1.5960  
U452                      INV_X1          NangateOpenCellLibrary_PDKv1_2_v2008_10_slow_nldm
                                                            0.5320  
U453                      XOR2_X1         NangateOpenCellLibrary_PDKv1_2_v2008_10_slow_nldm
                                                            1.5960  
U454                      XNOR2_X1        NangateOpenCellLibrary_PDKv1_2_v2008_10_slow_nldm
                                                            1.5960  
U455                      XOR2_X1         NangateOpenCellLibrary_PDKv1_2_v2008_10_slow_nldm
                                                            1.5960  
U456                      XOR2_X1         NangateOpenCellLibrary_PDKv1_2_v2008_10_slow_nldm
                                                            1.5960  
U457                      XOR2_X1         NangateOpenCellLibrary_PDKv1_2_v2008_10_slow_nldm
                                                            1.5960  
U458                      INV_X1          NangateOpenCellLibrary_PDKv1_2_v2008_10_slow_nldm
                                                            0.5320  
U459                      XOR2_X1         NangateOpenCellLibrary_PDKv1_2_v2008_10_slow_nldm
                                                            1.5960  
U460                      XNOR2_X1        NangateOpenCellLibrary_PDKv1_2_v2008_10_slow_nldm
                                                            1.5960  
U461                      NOR2_X1         NangateOpenCellLibrary_PDKv1_2_v2008_10_slow_nldm
                                                            0.7980  
U462                      NAND2_X1        NangateOpenCellLibrary_PDKv1_2_v2008_10_slow_nldm
                                                            0.7980  
U463                      NOR2_X1         NangateOpenCellLibrary_PDKv1_2_v2008_10_slow_nldm
                                                            0.7980  
U464                      NOR2_X1         NangateOpenCellLibrary_PDKv1_2_v2008_10_slow_nldm
                                                            0.7980  
U465                      NOR2_X1         NangateOpenCellLibrary_PDKv1_2_v2008_10_slow_nldm
                                                            0.7980  
U466                      XOR2_X1         NangateOpenCellLibrary_PDKv1_2_v2008_10_slow_nldm
                                                            1.5960  
U467                      NOR2_X1         NangateOpenCellLibrary_PDKv1_2_v2008_10_slow_nldm
                                                            0.7980  
U468                      XOR2_X1         NangateOpenCellLibrary_PDKv1_2_v2008_10_slow_nldm
                                                            1.5960  
U469                      XNOR2_X1        NangateOpenCellLibrary_PDKv1_2_v2008_10_slow_nldm
                                                            1.5960  
U470                      XNOR2_X1        NangateOpenCellLibrary_PDKv1_2_v2008_10_slow_nldm
                                                            1.5960  
U471                      NAND4_X1        NangateOpenCellLibrary_PDKv1_2_v2008_10_slow_nldm
                                                            1.3300  
U472                      NAND2_X1        NangateOpenCellLibrary_PDKv1_2_v2008_10_slow_nldm
                                                            0.7980  
U473                      NAND2_X1        NangateOpenCellLibrary_PDKv1_2_v2008_10_slow_nldm
                                                            0.7980  
U474                      NOR2_X1         NangateOpenCellLibrary_PDKv1_2_v2008_10_slow_nldm
                                                            0.7980  
U475                      AOI22_X1        NangateOpenCellLibrary_PDKv1_2_v2008_10_slow_nldm
                                                            1.3300  
U476                      XNOR2_X1        NangateOpenCellLibrary_PDKv1_2_v2008_10_slow_nldm
                                                            1.5960  
U477                      MUX2_X1         NangateOpenCellLibrary_PDKv1_2_v2008_10_slow_nldm
                                                            1.8620  
U478                      XNOR2_X1        NangateOpenCellLibrary_PDKv1_2_v2008_10_slow_nldm
                                                            1.5960  
U479                      OAI22_X1        NangateOpenCellLibrary_PDKv1_2_v2008_10_slow_nldm
                                                            1.3300  
U480                      AOI22_X1        NangateOpenCellLibrary_PDKv1_2_v2008_10_slow_nldm
                                                            1.3300  
U481                      XOR2_X1         NangateOpenCellLibrary_PDKv1_2_v2008_10_slow_nldm
                                                            1.5960  
U482                      XOR2_X1         NangateOpenCellLibrary_PDKv1_2_v2008_10_slow_nldm
                                                            1.5960  
U483                      XOR2_X1         NangateOpenCellLibrary_PDKv1_2_v2008_10_slow_nldm
                                                            1.5960  
U484                      XNOR2_X1        NangateOpenCellLibrary_PDKv1_2_v2008_10_slow_nldm
                                                            1.5960  
U485                      XNOR2_X1        NangateOpenCellLibrary_PDKv1_2_v2008_10_slow_nldm
                                                            1.5960  
U486                      XOR2_X1         NangateOpenCellLibrary_PDKv1_2_v2008_10_slow_nldm
                                                            1.5960  
U487                      XOR2_X1         NangateOpenCellLibrary_PDKv1_2_v2008_10_slow_nldm
                                                            1.5960  
U488                      INV_X1          NangateOpenCellLibrary_PDKv1_2_v2008_10_slow_nldm
                                                            0.5320  
U489                      XOR2_X1         NangateOpenCellLibrary_PDKv1_2_v2008_10_slow_nldm
                                                            1.5960  
U490                      XNOR2_X1        NangateOpenCellLibrary_PDKv1_2_v2008_10_slow_nldm
                                                            1.5960  
U491                      XOR2_X1         NangateOpenCellLibrary_PDKv1_2_v2008_10_slow_nldm
                                                            1.5960  
U492                      XOR2_X1         NangateOpenCellLibrary_PDKv1_2_v2008_10_slow_nldm
                                                            1.5960  
U493                      XOR2_X1         NangateOpenCellLibrary_PDKv1_2_v2008_10_slow_nldm
                                                            1.5960  
U494                      XOR2_X1         NangateOpenCellLibrary_PDKv1_2_v2008_10_slow_nldm
                                                            1.5960  
U495                      XNOR2_X1        NangateOpenCellLibrary_PDKv1_2_v2008_10_slow_nldm
                                                            1.5960  
U496                      NOR2_X1         NangateOpenCellLibrary_PDKv1_2_v2008_10_slow_nldm
                                                            0.7980  
U497                      NAND2_X1        NangateOpenCellLibrary_PDKv1_2_v2008_10_slow_nldm
                                                            0.7980  
U498                      INV_X1          NangateOpenCellLibrary_PDKv1_2_v2008_10_slow_nldm
                                                            0.5320  
U499                      NOR2_X1         NangateOpenCellLibrary_PDKv1_2_v2008_10_slow_nldm
                                                            0.7980  
U500                      NOR2_X1         NangateOpenCellLibrary_PDKv1_2_v2008_10_slow_nldm
                                                            0.7980  
U501                      NOR2_X1         NangateOpenCellLibrary_PDKv1_2_v2008_10_slow_nldm
                                                            0.7980  
U502                      XOR2_X1         NangateOpenCellLibrary_PDKv1_2_v2008_10_slow_nldm
                                                            1.5960  
U503                      NOR2_X1         NangateOpenCellLibrary_PDKv1_2_v2008_10_slow_nldm
                                                            0.7980  
U504                      XOR2_X1         NangateOpenCellLibrary_PDKv1_2_v2008_10_slow_nldm
                                                            1.5960  
U505                      XNOR2_X1        NangateOpenCellLibrary_PDKv1_2_v2008_10_slow_nldm
                                                            1.5960  
U506                      XNOR2_X1        NangateOpenCellLibrary_PDKv1_2_v2008_10_slow_nldm
                                                            1.5960  
U507                      NAND4_X1        NangateOpenCellLibrary_PDKv1_2_v2008_10_slow_nldm
                                                            1.3300  
U508                      NAND2_X1        NangateOpenCellLibrary_PDKv1_2_v2008_10_slow_nldm
                                                            0.7980  
U509                      NAND2_X1        NangateOpenCellLibrary_PDKv1_2_v2008_10_slow_nldm
                                                            0.7980  
U510                      NOR2_X1         NangateOpenCellLibrary_PDKv1_2_v2008_10_slow_nldm
                                                            0.7980  
U511                      AOI22_X1        NangateOpenCellLibrary_PDKv1_2_v2008_10_slow_nldm
                                                            1.3300  
U512                      XNOR2_X1        NangateOpenCellLibrary_PDKv1_2_v2008_10_slow_nldm
                                                            1.5960  
U513                      MUX2_X1         NangateOpenCellLibrary_PDKv1_2_v2008_10_slow_nldm
                                                            1.8620  
U514                      XNOR2_X1        NangateOpenCellLibrary_PDKv1_2_v2008_10_slow_nldm
                                                            1.5960  
U515                      OAI22_X1        NangateOpenCellLibrary_PDKv1_2_v2008_10_slow_nldm
                                                            1.3300  
U516                      OAI22_X1        NangateOpenCellLibrary_PDKv1_2_v2008_10_slow_nldm
                                                            1.3300  
U517                      OAI21_X1        NangateOpenCellLibrary_PDKv1_2_v2008_10_slow_nldm
                                                            1.0640  
U518                      OAI22_X1        NangateOpenCellLibrary_PDKv1_2_v2008_10_slow_nldm
                                                            1.3300  
U519                      OAI22_X1        NangateOpenCellLibrary_PDKv1_2_v2008_10_slow_nldm
                                                            1.3300  
U520                      AOI21_X1        NangateOpenCellLibrary_PDKv1_2_v2008_10_slow_nldm
                                                            1.0640  
U521                      NAND2_X1        NangateOpenCellLibrary_PDKv1_2_v2008_10_slow_nldm
                                                            0.7980  
U522                      OAI21_X1        NangateOpenCellLibrary_PDKv1_2_v2008_10_slow_nldm
                                                            1.0640  
U523                      INV_X4          NangateOpenCellLibrary_PDKv1_2_v2008_10_slow_nldm
                                                            0.5320  
U524                      NAND2_X1        NangateOpenCellLibrary_PDKv1_2_v2008_10_slow_nldm
                                                            0.7980  
U525                      OAI21_X1        NangateOpenCellLibrary_PDKv1_2_v2008_10_slow_nldm
                                                            1.0640  
U526                      AOI22_X1        NangateOpenCellLibrary_PDKv1_2_v2008_10_slow_nldm
                                                            1.3300  
U527                      AOI22_X1        NangateOpenCellLibrary_PDKv1_2_v2008_10_slow_nldm
                                                            1.3300  
U528                      AOI22_X1        NangateOpenCellLibrary_PDKv1_2_v2008_10_slow_nldm
                                                            1.3300  
U529                      AOI22_X1        NangateOpenCellLibrary_PDKv1_2_v2008_10_slow_nldm
                                                            1.3300  
U530                      AOI22_X1        NangateOpenCellLibrary_PDKv1_2_v2008_10_slow_nldm
                                                            1.3300  
U531                      AOI22_X1        NangateOpenCellLibrary_PDKv1_2_v2008_10_slow_nldm
                                                            1.3300  
U532                      AOI22_X1        NangateOpenCellLibrary_PDKv1_2_v2008_10_slow_nldm
                                                            1.3300  
U533                      AOI22_X1        NangateOpenCellLibrary_PDKv1_2_v2008_10_slow_nldm
                                                            1.3300  
U534                      AOI22_X1        NangateOpenCellLibrary_PDKv1_2_v2008_10_slow_nldm
                                                            1.3300  
U535                      AOI22_X1        NangateOpenCellLibrary_PDKv1_2_v2008_10_slow_nldm
                                                            1.3300  
U536                      AOI22_X1        NangateOpenCellLibrary_PDKv1_2_v2008_10_slow_nldm
                                                            1.3300  
U537                      AOI22_X1        NangateOpenCellLibrary_PDKv1_2_v2008_10_slow_nldm
                                                            1.3300  
U538                      AOI22_X1        NangateOpenCellLibrary_PDKv1_2_v2008_10_slow_nldm
                                                            1.3300  
U539                      AOI22_X1        NangateOpenCellLibrary_PDKv1_2_v2008_10_slow_nldm
                                                            1.3300  
U540                      AOI22_X1        NangateOpenCellLibrary_PDKv1_2_v2008_10_slow_nldm
                                                            1.3300  
U541                      AOI22_X1        NangateOpenCellLibrary_PDKv1_2_v2008_10_slow_nldm
                                                            1.3300  
U542                      AOI22_X1        NangateOpenCellLibrary_PDKv1_2_v2008_10_slow_nldm
                                                            1.3300  
U543                      AOI22_X1        NangateOpenCellLibrary_PDKv1_2_v2008_10_slow_nldm
                                                            1.3300  
U544                      AOI22_X1        NangateOpenCellLibrary_PDKv1_2_v2008_10_slow_nldm
                                                            1.3300  
U545                      AOI22_X1        NangateOpenCellLibrary_PDKv1_2_v2008_10_slow_nldm
                                                            1.3300  
U546                      AOI22_X1        NangateOpenCellLibrary_PDKv1_2_v2008_10_slow_nldm
                                                            1.3300  
U547                      AOI22_X1        NangateOpenCellLibrary_PDKv1_2_v2008_10_slow_nldm
                                                            1.3300  
U548                      AOI22_X1        NangateOpenCellLibrary_PDKv1_2_v2008_10_slow_nldm
                                                            1.3300  
U549                      AOI22_X1        NangateOpenCellLibrary_PDKv1_2_v2008_10_slow_nldm
                                                            1.3300  
U550                      OAI21_X1        NangateOpenCellLibrary_PDKv1_2_v2008_10_slow_nldm
                                                            1.0640  
U551                      OAI21_X1        NangateOpenCellLibrary_PDKv1_2_v2008_10_slow_nldm
                                                            1.0640  
U552                      NAND2_X1        NangateOpenCellLibrary_PDKv1_2_v2008_10_slow_nldm
                                                            0.7980  
U553                      OAI21_X1        NangateOpenCellLibrary_PDKv1_2_v2008_10_slow_nldm
                                                            1.0640  
U554                      OAI21_X1        NangateOpenCellLibrary_PDKv1_2_v2008_10_slow_nldm
                                                            1.0640  
U555                      OAI21_X1        NangateOpenCellLibrary_PDKv1_2_v2008_10_slow_nldm
                                                            1.0640  
U556                      NAND2_X1        NangateOpenCellLibrary_PDKv1_2_v2008_10_slow_nldm
                                                            0.7980  
U557                      OAI21_X1        NangateOpenCellLibrary_PDKv1_2_v2008_10_slow_nldm
                                                            1.0640  
U558                      OAI21_X1        NangateOpenCellLibrary_PDKv1_2_v2008_10_slow_nldm
                                                            1.0640  
U559                      OAI21_X1        NangateOpenCellLibrary_PDKv1_2_v2008_10_slow_nldm
                                                            1.0640  
U560                      AOI22_X1        NangateOpenCellLibrary_PDKv1_2_v2008_10_slow_nldm
                                                            1.3300  
U561                      OAI21_X1        NangateOpenCellLibrary_PDKv1_2_v2008_10_slow_nldm
                                                            1.0640  
U562                      OAI21_X1        NangateOpenCellLibrary_PDKv1_2_v2008_10_slow_nldm
                                                            1.0640  
U563                      AOI22_X1        NangateOpenCellLibrary_PDKv1_2_v2008_10_slow_nldm
                                                            1.3300  
U564                      OAI21_X1        NangateOpenCellLibrary_PDKv1_2_v2008_10_slow_nldm
                                                            1.0640  
U565                      OAI21_X1        NangateOpenCellLibrary_PDKv1_2_v2008_10_slow_nldm
                                                            1.0640  
U566                      OAI21_X1        NangateOpenCellLibrary_PDKv1_2_v2008_10_slow_nldm
                                                            1.0640  
U567                      OAI21_X1        NangateOpenCellLibrary_PDKv1_2_v2008_10_slow_nldm
                                                            1.0640  
U568                      OAI21_X1        NangateOpenCellLibrary_PDKv1_2_v2008_10_slow_nldm
                                                            1.0640  
U569                      OAI21_X1        NangateOpenCellLibrary_PDKv1_2_v2008_10_slow_nldm
                                                            1.0640  
U570                      OAI21_X1        NangateOpenCellLibrary_PDKv1_2_v2008_10_slow_nldm
                                                            1.0640  
buzz_reg                  DFF_X2          NangateOpenCellLibrary_PDKv1_2_v2008_10_slow_nldm
                                                            4.7880  n
feature_map_reg[0]        DFF_X2          NangateOpenCellLibrary_PDKv1_2_v2008_10_slow_nldm
                                                            4.7880  n
feature_map_reg[1]        DFF_X2          NangateOpenCellLibrary_PDKv1_2_v2008_10_slow_nldm
                                                            4.7880  n
feature_map_reg[2]        DFF_X2          NangateOpenCellLibrary_PDKv1_2_v2008_10_slow_nldm
                                                            4.7880  n
feature_map_reg[3]        DFF_X2          NangateOpenCellLibrary_PDKv1_2_v2008_10_slow_nldm
                                                            4.7880  n
in1_reg[0]                DFF_X1          NangateOpenCellLibrary_PDKv1_2_v2008_10_slow_nldm
                                                            4.7880  n
in1_reg[1]                DFF_X1          NangateOpenCellLibrary_PDKv1_2_v2008_10_slow_nldm
                                                            4.7880  n
in1_reg[2]                DFF_X1          NangateOpenCellLibrary_PDKv1_2_v2008_10_slow_nldm
                                                            4.7880  n
in1_reg[3]                DFF_X1          NangateOpenCellLibrary_PDKv1_2_v2008_10_slow_nldm
                                                            4.7880  n
in1_reg[4]                DFF_X1          NangateOpenCellLibrary_PDKv1_2_v2008_10_slow_nldm
                                                            4.7880  n
in1_reg[5]                DFF_X1          NangateOpenCellLibrary_PDKv1_2_v2008_10_slow_nldm
                                                            4.7880  n
in1_reg[6]                DFF_X1          NangateOpenCellLibrary_PDKv1_2_v2008_10_slow_nldm
                                                            4.7880  n
in1_reg[7]                DFF_X1          NangateOpenCellLibrary_PDKv1_2_v2008_10_slow_nldm
                                                            4.7880  n
in1_reg[8]                DFF_X1          NangateOpenCellLibrary_PDKv1_2_v2008_10_slow_nldm
                                                            4.7880  n
in2_reg[0]                DFF_X1          NangateOpenCellLibrary_PDKv1_2_v2008_10_slow_nldm
                                                            4.7880  n
in2_reg[1]                DFF_X1          NangateOpenCellLibrary_PDKv1_2_v2008_10_slow_nldm
                                                            4.7880  n
in2_reg[2]                DFF_X1          NangateOpenCellLibrary_PDKv1_2_v2008_10_slow_nldm
                                                            4.7880  n
in2_reg[3]                DFF_X1          NangateOpenCellLibrary_PDKv1_2_v2008_10_slow_nldm
                                                            4.7880  n
in2_reg[4]                DFF_X1          NangateOpenCellLibrary_PDKv1_2_v2008_10_slow_nldm
                                                            4.7880  n
in2_reg[5]                DFF_X1          NangateOpenCellLibrary_PDKv1_2_v2008_10_slow_nldm
                                                            4.7880  n
in2_reg[6]                DFF_X1          NangateOpenCellLibrary_PDKv1_2_v2008_10_slow_nldm
                                                            4.7880  n
in2_reg[7]                DFF_X1          NangateOpenCellLibrary_PDKv1_2_v2008_10_slow_nldm
                                                            4.7880  n
in2_reg[8]                DFF_X1          NangateOpenCellLibrary_PDKv1_2_v2008_10_slow_nldm
                                                            4.7880  n
in3_reg[0]                DFF_X1          NangateOpenCellLibrary_PDKv1_2_v2008_10_slow_nldm
                                                            4.7880  n
in3_reg[1]                DFF_X1          NangateOpenCellLibrary_PDKv1_2_v2008_10_slow_nldm
                                                            4.7880  n
in3_reg[2]                DFF_X1          NangateOpenCellLibrary_PDKv1_2_v2008_10_slow_nldm
                                                            4.7880  n
in3_reg[3]                DFF_X1          NangateOpenCellLibrary_PDKv1_2_v2008_10_slow_nldm
                                                            4.7880  n
in3_reg[4]                DFF_X1          NangateOpenCellLibrary_PDKv1_2_v2008_10_slow_nldm
                                                            4.7880  n
in3_reg[5]                DFF_X1          NangateOpenCellLibrary_PDKv1_2_v2008_10_slow_nldm
                                                            4.7880  n
in3_reg[6]                DFF_X1          NangateOpenCellLibrary_PDKv1_2_v2008_10_slow_nldm
                                                            4.7880  n
in3_reg[7]                DFF_X1          NangateOpenCellLibrary_PDKv1_2_v2008_10_slow_nldm
                                                            4.7880  n
in3_reg[8]                DFF_X1          NangateOpenCellLibrary_PDKv1_2_v2008_10_slow_nldm
                                                            4.7880  n
in4_reg[0]                DFF_X1          NangateOpenCellLibrary_PDKv1_2_v2008_10_slow_nldm
                                                            4.7880  n
in4_reg[1]                DFF_X1          NangateOpenCellLibrary_PDKv1_2_v2008_10_slow_nldm
                                                            4.7880  n
in4_reg[2]                DFF_X1          NangateOpenCellLibrary_PDKv1_2_v2008_10_slow_nldm
                                                            4.7880  n
in4_reg[3]                DFF_X1          NangateOpenCellLibrary_PDKv1_2_v2008_10_slow_nldm
                                                            4.7880  n
in4_reg[4]                DFF_X1          NangateOpenCellLibrary_PDKv1_2_v2008_10_slow_nldm
                                                            4.7880  n
in4_reg[5]                DFF_X1          NangateOpenCellLibrary_PDKv1_2_v2008_10_slow_nldm
                                                            4.7880  n
in4_reg[6]                DFF_X1          NangateOpenCellLibrary_PDKv1_2_v2008_10_slow_nldm
                                                            4.7880  n
in4_reg[7]                DFF_X1          NangateOpenCellLibrary_PDKv1_2_v2008_10_slow_nldm
                                                            4.7880  n
in4_reg[8]                DFF_X1          NangateOpenCellLibrary_PDKv1_2_v2008_10_slow_nldm
                                                            4.7880  n
in_reg[0]                 DFF_X1          NangateOpenCellLibrary_PDKv1_2_v2008_10_slow_nldm
                                                            4.7880  n
in_reg[1]                 DFF_X1          NangateOpenCellLibrary_PDKv1_2_v2008_10_slow_nldm
                                                            4.7880  n
in_reg[2]                 DFF_X1          NangateOpenCellLibrary_PDKv1_2_v2008_10_slow_nldm
                                                            4.7880  n
in_reg[3]                 DFF_X1          NangateOpenCellLibrary_PDKv1_2_v2008_10_slow_nldm
                                                            4.7880  n
in_reg[4]                 DFF_X1          NangateOpenCellLibrary_PDKv1_2_v2008_10_slow_nldm
                                                            4.7880  n
in_reg[5]                 DFF_X1          NangateOpenCellLibrary_PDKv1_2_v2008_10_slow_nldm
                                                            4.7880  n
in_reg[6]                 DFF_X1          NangateOpenCellLibrary_PDKv1_2_v2008_10_slow_nldm
                                                            4.7880  n
in_reg[7]                 DFF_X1          NangateOpenCellLibrary_PDKv1_2_v2008_10_slow_nldm
                                                            4.7880  n
in_reg[8]                 DFF_X1          NangateOpenCellLibrary_PDKv1_2_v2008_10_slow_nldm
                                                            4.7880  n
in_reg[9]                 DFF_X1          NangateOpenCellLibrary_PDKv1_2_v2008_10_slow_nldm
                                                            4.7880  n
in_reg[10]                DFF_X1          NangateOpenCellLibrary_PDKv1_2_v2008_10_slow_nldm
                                                            4.7880  n
in_reg[11]                DFF_X1          NangateOpenCellLibrary_PDKv1_2_v2008_10_slow_nldm
                                                            4.7880  n
in_reg[12]                DFF_X1          NangateOpenCellLibrary_PDKv1_2_v2008_10_slow_nldm
                                                            4.7880  n
in_reg[13]                DFF_X1          NangateOpenCellLibrary_PDKv1_2_v2008_10_slow_nldm
                                                            4.7880  n
in_reg[14]                DFF_X1          NangateOpenCellLibrary_PDKv1_2_v2008_10_slow_nldm
                                                            4.7880  n
in_reg[15]                DFF_X1          NangateOpenCellLibrary_PDKv1_2_v2008_10_slow_nldm
                                                            4.7880  n
plh1_reg[3]               DFF_X1          NangateOpenCellLibrary_PDKv1_2_v2008_10_slow_nldm
                                                            4.7880  n
plh2_reg[3]               DFF_X1          NangateOpenCellLibrary_PDKv1_2_v2008_10_slow_nldm
                                                            4.7880  n
plh3_reg[3]               DFF_X1          NangateOpenCellLibrary_PDKv1_2_v2008_10_slow_nldm
                                                            4.7880  n
plh4_reg[3]               DFF_X1          NangateOpenCellLibrary_PDKv1_2_v2008_10_slow_nldm
                                                            4.7880  n
state_reg[0]              DFF_X1          NangateOpenCellLibrary_PDKv1_2_v2008_10_slow_nldm
                                                            4.7880  n
state_reg[1]              DFF_X1          NangateOpenCellLibrary_PDKv1_2_v2008_10_slow_nldm
                                                            4.7880  n
weight_reg[0]             DFF_X1          NangateOpenCellLibrary_PDKv1_2_v2008_10_slow_nldm
                                                            4.7880  n
weight_reg[1]             DFF_X1          NangateOpenCellLibrary_PDKv1_2_v2008_10_slow_nldm
                                                            4.7880  n
weight_reg[2]             DFF_X1          NangateOpenCellLibrary_PDKv1_2_v2008_10_slow_nldm
                                                            4.7880  n
weight_reg[3]             DFF_X1          NangateOpenCellLibrary_PDKv1_2_v2008_10_slow_nldm
                                                            4.7880  n
weight_reg[4]             DFF_X1          NangateOpenCellLibrary_PDKv1_2_v2008_10_slow_nldm
                                                            4.7880  n
weight_reg[5]             DFF_X1          NangateOpenCellLibrary_PDKv1_2_v2008_10_slow_nldm
                                                            4.7880  n
weight_reg[6]             DFF_X1          NangateOpenCellLibrary_PDKv1_2_v2008_10_slow_nldm
                                                            4.7880  n
weight_reg[7]             DFF_X1          NangateOpenCellLibrary_PDKv1_2_v2008_10_slow_nldm
                                                            4.7880  n
weight_reg[8]             DFF_X1          NangateOpenCellLibrary_PDKv1_2_v2008_10_slow_nldm
                                                            4.7880  n
write_reg                 DFF_X2          NangateOpenCellLibrary_PDKv1_2_v2008_10_slow_nldm
                                                            4.7880  n
--------------------------------------------------------------------------------
Total 359 cells                                           680.1620
1
