Information: Updating design information... (UID-85)
 
****************************************
Report : timing
        -path full
        -delay min
        -max_paths 1
Design : MyDesign
Version: P-2019.03-SP1
Date   : Wed Nov 17 20:51:24 2021
****************************************

Operating Conditions: fast   Library: NangateOpenCellLibrary_PDKv1_2_v2008_10_fast_nldm
Wire Load Model Mode: top

  Startpoint: state_reg[1]
              (rising edge-triggered flip-flop clocked by clk)
  Endpoint: state_reg[0]
            (rising edge-triggered flip-flop clocked by clk)
  Path Group: clk
  Path Type: min

  Point                                    Incr       Path
  -----------------------------------------------------------
  clock clk (rise edge)                  0.0000     0.0000
  clock network delay (ideal)            0.0000     0.0000
  state_reg[1]/CK (DFF_X1)               0.0000     0.0000 r
  state_reg[1]/Q (DFF_X1)                0.0539     0.0539 r
  U336/ZN (OAI21_X1)                     0.0175     0.0714 f
  state_reg[0]/D (DFF_X1)                0.0000     0.0714 f
  data arrival time                                 0.0714

  clock clk (rise edge)                  0.0000     0.0000
  clock network delay (ideal)            0.0000     0.0000
  clock uncertainty                      0.0500     0.0500
  state_reg[0]/CK (DFF_X1)               0.0000     0.0500 r
  library hold time                      0.0004     0.0504
  data required time                                0.0504
  -----------------------------------------------------------
  data required time                                0.0504
  data arrival time                                -0.0714
  -----------------------------------------------------------
  slack (MET)                                       0.0210


1
